  player.cpp
c:\users\xqbbc\desktop\git\test\gameproject\project1\player.cpp(57): error C2065: 'mapPos': 定義されていない識別子です。
c:\users\xqbbc\desktop\git\test\gameproject\project1\player.cpp(59): error C2065: 'mapPos': 定義されていない識別子です。
c:\users\xqbbc\desktop\git\test\gameproject\project1\player.cpp(67): error C2065: 'mapPos': 定義されていない識別子です。
c:\users\xqbbc\desktop\git\test\gameproject\project1\player.cpp(69): error C2065: 'mapPos': 定義されていない識別子です。
c:\users\xqbbc\desktop\git\test\gameproject\project1\player.cpp(77): error C2065: 'mapPos': 定義されていない識別子です。
c:\users\xqbbc\desktop\git\test\gameproject\project1\player.cpp(79): error C2065: 'mapPos': 定義されていない識別子です。
c:\users\xqbbc\desktop\git\test\gameproject\project1\player.cpp(87): error C2065: 'mapPos': 定義されていない識別子です。
c:\users\xqbbc\desktop\git\test\gameproject\project1\player.cpp(89): error C2065: 'mapPos': 定義されていない識別子です。
c:\users\xqbbc\desktop\git\test\gameproject\project1\player.cpp(121): error C3861: 'IsPass': 識別子が見つかりませんでした
c:\users\xqbbc\desktop\git\test\gameproject\project1\player.cpp(130): error C3861: 'IsPass': 識別子が見つかりませんでした
c:\users\xqbbc\desktop\git\test\gameproject\project1\player.cpp(139): error C3861: 'IsPass': 識別子が見つかりませんでした
c:\users\xqbbc\desktop\git\test\gameproject\project1\player.cpp(148): error C3861: 'IsPass': 識別子が見つかりませんでした
c:\users\xqbbc\desktop\git\test\gameproject\project1\player.cpp(172): error C2065: 'mapPos': 定義されていない識別子です。
c:\users\xqbbc\desktop\git\test\gameproject\project1\player.cpp(174): error C2065: 'mapPos': 定義されていない識別子です。
c:\users\xqbbc\desktop\git\test\gameproject\project1\player.cpp(176): error C2065: 'mapPos': 定義されていない識別子です。
c:\users\xqbbc\desktop\git\test\gameproject\project1\player.cpp(178): error C2065: 'mapPos': 定義されていない識別子です。
c:\users\xqbbc\desktop\git\test\gameproject\project1\player.cpp(180): error C2065: 'mapPos': 定義されていない識別子です。
c:\users\xqbbc\desktop\git\test\gameproject\project1\player.cpp(182): error C2065: 'mapPos': 定義されていない識別子です。
c:\users\xqbbc\desktop\git\test\gameproject\project1\player.cpp(184): error C2065: 'mapPos': 定義されていない識別子です。
c:\users\xqbbc\desktop\git\test\gameproject\project1\player.cpp(186): error C2065: 'mapPos': 定義されていない識別子です。
c:\users\xqbbc\desktop\git\test\gameproject\project1\player.cpp(190): error C3861: 'AddCharaOrder': 識別子が見つかりませんでした
c:\users\xqbbc\desktop\git\test\gameproject\project1\player.cpp(201): error C3861: 'PosToIndex': 識別子が見つかりませんでした
c:\users\xqbbc\desktop\git\test\gameproject\project1\player.cpp(207): error C2065: 'mapPos': 定義されていない識別子です。
c:\users\xqbbc\desktop\git\test\gameproject\project1\player.cpp(208): error C2065: 'mapPos': 定義されていない識別子です。
c:\users\xqbbc\desktop\git\test\gameproject\project1\player.cpp(207): error C2660: 'DxLib::DrawGraph': 関数に 3 個の引数を指定できません。
  c:\users\xqbbc\desktop\プロジェクトに追加すべきファイル_vc用\dxlib.h(2666): note: 'DxLib::DrawGraph' の宣言を確認してください
